<?xml version="1.0" encoding="UTF-8"?>
<coverage generated="1598888930182" clover="3.2.0">
  <project timestamp="1598888930182" name="All files">
    <metrics statements="12" coveredstatements="9" conditionals="2" coveredconditionals="0" methods="5" coveredmethods="2" elements="19" coveredelements="11" complexity="0" loc="12" ncloc="12" packages="1" files="2" classes="2"/>
    <file name="cache.js" path="/Users/cmwylie19/repositories/ChatApp/message-service/utils/cache.js">
      <metrics statements="6" coveredstatements="5" conditionals="0" coveredconditionals="0" methods="3" coveredmethods="1"/>
      <line num="4" count="1" type="stmt"/>
      <line num="5" count="1" type="stmt"/>
      <line num="7" count="1" type="stmt"/>
      <line num="8" count="0" type="stmt"/>
      <line num="11" count="1" type="stmt"/>
      <line num="13" count="1" type="stmt"/>
    </file>
    <file name="db.js" path="/Users/cmwylie19/repositories/ChatApp/message-service/utils/db.js">
      <metrics statements="6" coveredstatements="4" conditionals="2" coveredconditionals="0" methods="2" coveredmethods="1"/>
      <line num="2" count="1" type="stmt"/>
      <line num="3" count="1" type="stmt"/>
      <line num="6" count="1" type="stmt"/>
      <line num="7" count="1" type="stmt"/>
      <line num="8" count="0" type="cond" truecount="0" falsecount="2"/>
      <line num="9" count="0" type="stmt"/>
    </file>
  </project>
</coverage>
